=====================================================
      DevOps Career Dashboard - Personal Mode        
=====================================================

💡 TIP: If you experience data loading issues, try:
   - Clearing your browser cache
   - Using incognito/private mode
   - Running ./force-reset.sh

Creating environment configuration...
🚀 Starting your dashboard in personal mode...
   - Frontend will be available at: http://localhost:3000
   - API server will be available at: http://localhost:3005


> dashboard@1.0.0 dev
> concurrently --kill-others-on-fail "npm run start" "npm run server"

[0] 
[0] > dashboard@1.0.0 start
[0] > WATCHPACK_POLLING=true PORT=3000 NODE_OPTIONS=--openssl-legacy-provider react-scripts start
[0] 
[1] 
[1] > dashboard@1.0.0 server
[1] > node server.js
[1] 
[1] Migrating from legacy clay-config.json to encrypted storage...
[1] Server running on port 3005
[0] (node:84006) [DEP_WEBPACK_DEV_SERVER_ON_AFTER_SETUP_MIDDLEWARE] DeprecationWarning: 'onAfterSetupMiddleware' option is deprecated. Please use the 'setupMiddlewares' option.
[0] (Use `node --trace-deprecation ...` to show where the warning was created)
[0] (node:84006) [DEP_WEBPACK_DEV_SERVER_ON_BEFORE_SETUP_MIDDLEWARE] DeprecationWarning: 'onBeforeSetupMiddleware' option is deprecated. Please use the 'setupMiddlewares' option.
[0] Starting the development server...
[0] 
[0] Compiled successfully!
[0] 
[0] You can now view dashboard in the browser.
[0] 
[0]   Local:            http://localhost:3000
[0]   On Your Network:  http://192.168.12.178:3000
[0] 
[0] Note that the development build is not optimized.
[0] To create a production build, use npm run build.
[0] 
[0] webpack compiled successfully
[1] npm run server exited with code SIGKILL
--> Sending SIGTERM to other processes..
[0] The build failed because the process exited too early. This probably means the system ran out of memory or someone called `kill -9` on the process.
[0] npm run start exited with code 1

=====================================================
Your personal dashboard data is stored in:
dashboard/src/data/data.json
=====================================================
